<?xml version="1.0" encoding="UTF-8"?>
<!-- Generated by org.testng.reporters.JUnitXMLReporter -->
<testsuite ignored="0" hostname="WKWIN4350445" failures="0" tests="26" name="Test" time="60.04" errors="0" timestamp="2020-03-19T15:43:51 IST">
  <testcase classname="drivers.TestShoppingSite" name="openHomepage" time="12.036"/>
  <testcase classname="drivers.TestShoppingSite" name="verifyEmptyCart" time="0.056"/>
  <testcase classname="drivers.TestShoppingSite" name="verifyMenuLinks" time="0.184"/>
  <testcase classname="drivers.TestShoppingSite" name="verifyPageLogo" time="0.056"/>
  <testcase classname="drivers.TestShoppingSite" name="verifyPhoneNumber" time="0.031"/>
  <testcase classname="drivers.TestShoppingSite" name="verifyPlaceHolderText" time="0.036"/>
  <testcase classname="drivers.TestShoppingSite" name="verifySignInHover" time="0.033"/>
  <testcase classname="drivers.TestShoppingSite" name="hoverOverDresses" time="1.16"/>
  <testcase classname="drivers.TestShoppingSite" name="ClickSummerDresses" time="3.679"/>
  <testcase classname="drivers.TestShoppingSite" name="verifyMenuBars" time="0.087"/>
  <testcase classname="drivers.TestShoppingSite" name="verifySignOutLink" time="0.025"/>
  <testcase classname="drivers.TestShoppingSite" name="getListView" time="1.102"/>
  <testcase classname="drivers.TestShoppingSite" name="verifyCompareCount" time="4.327"/>
  <testcase classname="drivers.TestShoppingSite" name="clickProdWithHighestPrice" time="3.236"/>
  <testcase classname="drivers.TestShoppingSite" name="addToCart" time="2.465"/>
  <testcase classname="drivers.TestShoppingSite" name="clickProceedToCart" time="1.851"/>
  <testcase classname="drivers.TestShoppingSite" name="verifyCartNumber" time="0.039"/>
  <testcase classname="drivers.TestShoppingSite" name="proceedToCheckout" time="3.15"/>
  <testcase classname="drivers.TestShoppingSite" name="loginUser" time="3.612"/>
  <testcase classname="drivers.TestShoppingSite" name="checkLogoutButtonAndProceed" time="1.439"/>
  <testcase classname="drivers.TestShoppingSite" name="proceedAndPopupCheck" time="0.464"/>
  <testcase classname="drivers.TestShoppingSite" name="verifyCheckbox" time="0.042"/>
  <testcase classname="drivers.TestShoppingSite" name="checkTOsAndProceed" time="1.885"/>
  <testcase classname="drivers.TestShoppingSite" name="verifyDetails" time="0.097"/>
  <testcase classname="drivers.TestShoppingSite" name="verifyPaymentDetails" time="0.088"/>
  <testcase classname="drivers.TestShoppingSite" name="proceedToPayment" time="7.513"/>
</testsuite> <!-- Test -->
